12:22:41.896 [http-nio-9992-exec-1] INFO  BUSINESS - 创建默认用户信息,id:2069999697694900225
12:22:41.983 [http-nio-9990-exec-2] INFO  BUSINESS - 用户基本信息生成成功
12:35:22.850 [http-nio-9990-exec-2] INFO  BUSINESS - 用户请求注册,用户名：hjy
12:35:23.004 [http-nio-9990-exec-2] INFO  BUSINESS - 用户注册信息已保存,用户名：hjy
12:35:23.006 [http-nio-9990-exec-2] INFO  BUSINESS - 用户默认角色已创建
12:35:23.476 [http-nio-9992-exec-1] INFO  BUSINESS - 创建默认用户信息,id:2070002892391436289
12:35:23.557 [http-nio-9990-exec-2] INFO  BUSINESS - 用户基本信息生成成功
12:35:23.625 [http-nio-9990-exec-2] INFO  BUSINESS - token生成
12:53:02.878 [http-nio-9990-exec-7] INFO  BUSINESS - 用户请求注册,用户名：hjy
12:55:12.200 [http-nio-9990-exec-6] INFO  BUSINESS - 用户请求登录,用户名：hjy
12:55:27.896 [http-nio-9990-exec-3] INFO  BUSINESS - 用户请求登录,用户名：hjy
12:55:37.058 [http-nio-9990-exec-8] INFO  BUSINESS - 用户请求登录,用户名：hjy
12:55:37.128 [http-nio-9990-exec-8] INFO  BUSINESS - 用户登录验证成功,userId:2070002892391436289
12:55:37.137 [http-nio-9990-exec-8] INFO  BUSINESS - 最后登录时间已更新
12:55:37.139 [http-nio-9990-exec-8] INFO  BUSINESS - token生成成功
15:16:45.700 [http-nio-9990-exec-3] INFO  BUSINESS - 用户请求获取验证码
15:16:45.727 [http-nio-9990-exec-3] INFO  BUSINESS - 验证码生成成功
15:16:48.662 [http-nio-9990-exec-2] INFO  BUSINESS - 用户请求获取验证码
15:16:48.662 [http-nio-9990-exec-2] INFO  BUSINESS - 验证码生成成功
15:30:41.218 [http-nio-9990-exec-5] INFO  BUSINESS - 用户请求获取验证码
15:30:41.218 [http-nio-9990-exec-5] INFO  BUSINESS - 验证码生成成功
15:30:46.133 [http-nio-9990-exec-10] INFO  BUSINESS - 用户请求获取验证码
15:30:46.133 [http-nio-9990-exec-10] INFO  BUSINESS - 验证码生成成功
15:30:47.218 [http-nio-9990-exec-1] INFO  BUSINESS - 用户请求获取验证码
15:30:47.218 [http-nio-9990-exec-1] INFO  BUSINESS - 验证码生成成功
15:30:51.789 [http-nio-9990-exec-3] INFO  BUSINESS - 用户请求获取验证码
15:30:51.789 [http-nio-9990-exec-3] INFO  BUSINESS - 验证码生成成功
15:31:12.268 [http-nio-9990-exec-2] INFO  BUSINESS - 用户请求获取验证码
15:31:12.268 [http-nio-9990-exec-2] INFO  BUSINESS - 验证码生成成功
15:31:17.101 [http-nio-9990-exec-4] INFO  BUSINESS - 用户请求获取验证码
15:31:17.101 [http-nio-9990-exec-4] INFO  BUSINESS - 验证码生成成功
15:31:18.204 [http-nio-9990-exec-9] INFO  BUSINESS - 用户请求获取验证码
15:31:18.204 [http-nio-9990-exec-9] INFO  BUSINESS - 验证码生成成功
15:31:34.108 [http-nio-9990-exec-6] INFO  BUSINESS - 用户请求获取验证码
15:31:34.108 [http-nio-9990-exec-6] INFO  BUSINESS - 验证码生成成功
15:31:35.274 [http-nio-9990-exec-7] INFO  BUSINESS - 用户请求获取验证码
15:31:35.274 [http-nio-9990-exec-7] INFO  BUSINESS - 验证码生成成功
15:31:48.788 [http-nio-9990-exec-10] INFO  BUSINESS - 用户请求获取验证码
15:31:48.789 [http-nio-9990-exec-10] INFO  BUSINESS - 验证码生成成功
15:31:50.154 [http-nio-9990-exec-1] INFO  BUSINESS - 用户请求获取验证码
15:31:50.154 [http-nio-9990-exec-1] INFO  BUSINESS - 验证码生成成功
15:32:02.668 [http-nio-9990-exec-3] INFO  BUSINESS - 用户请求获取验证码
15:32:02.668 [http-nio-9990-exec-3] INFO  BUSINESS - 验证码生成成功
15:32:03.539 [http-nio-9990-exec-2] INFO  BUSINESS - 用户请求获取验证码
15:32:03.539 [http-nio-9990-exec-2] INFO  BUSINESS - 验证码生成成功
15:32:16.096 [http-nio-9990-exec-9] INFO  BUSINESS - 用户请求获取验证码
15:32:16.097 [http-nio-9990-exec-9] INFO  BUSINESS - 验证码生成成功
15:32:22.470 [http-nio-9990-exec-6] INFO  BUSINESS - 用户请求获取验证码
15:32:22.470 [http-nio-9990-exec-6] INFO  BUSINESS - 验证码生成成功
15:32:41.332 [http-nio-9990-exec-7] INFO  BUSINESS - 用户请求获取验证码
15:32:41.332 [http-nio-9990-exec-7] INFO  BUSINESS - 验证码生成成功
15:36:22.550 [http-nio-9990-exec-2] INFO  BUSINESS - 用户请求获取验证码
15:36:22.573 [http-nio-9990-exec-2] INFO  BUSINESS - 验证码生成成功
15:36:33.201 [http-nio-9990-exec-6] INFO  BUSINESS - 用户请求获取验证码
15:36:33.201 [http-nio-9990-exec-6] INFO  BUSINESS - 验证码生成成功
15:36:39.139 [http-nio-9990-exec-4] INFO  BUSINESS - 用户请求获取验证码
15:36:39.139 [http-nio-9990-exec-4] INFO  BUSINESS - 验证码生成成功
15:36:51.951 [http-nio-9990-exec-9] INFO  BUSINESS - 用户请求获取验证码
15:36:51.951 [http-nio-9990-exec-9] INFO  BUSINESS - 验证码生成成功
15:42:26.171 [http-nio-9990-exec-8] INFO  BUSINESS - 用户请求获取验证码
15:42:26.171 [http-nio-9990-exec-8] INFO  BUSINESS - 验证码生成成功
15:59:10.516 [http-nio-9990-exec-10] INFO  BUSINESS - 用户请求获取验证码
15:59:10.516 [http-nio-9990-exec-10] INFO  BUSINESS - 验证码生成成功
15:59:42.693 [http-nio-9990-exec-1] INFO  BUSINESS - 用户请求获取验证码
15:59:42.693 [http-nio-9990-exec-1] INFO  BUSINESS - 验证码生成成功
15:59:44.016 [http-nio-9990-exec-2] INFO  BUSINESS - 用户请求获取验证码
15:59:44.016 [http-nio-9990-exec-2] INFO  BUSINESS - 验证码生成成功
16:27:27.881 [http-nio-9990-exec-4] INFO  BUSINESS - 用户请求登录,用户名：hjy
16:27:28.385 [http-nio-9990-exec-4] INFO  BUSINESS - 用户登录验证成功,userId:2070002892391436289
16:27:28.397 [http-nio-9990-exec-4] INFO  BUSINESS - 最后登录时间已更新
16:27:28.464 [http-nio-9990-exec-4] INFO  BUSINESS - token生成成功
16:55:25.495 [http-nio-9990-exec-1] INFO  BUSINESS - 用户请求登录,用户名：hjy
16:55:25.876 [http-nio-9990-exec-1] INFO  BUSINESS - 用户登录验证成功,userId:2070002892391436289
16:55:25.898 [http-nio-9990-exec-1] INFO  BUSINESS - 最后登录时间已更新
16:55:25.953 [http-nio-9990-exec-1] INFO  BUSINESS - token生成成功
17:10:43.845 [http-nio-9990-exec-1] INFO  BUSINESS - 用户请求获取验证码
17:10:43.865 [http-nio-9990-exec-1] INFO  BUSINESS - 验证码生成成功
18:15:06.806 [http-nio-9992-exec-1] INFO  BUSINESS - 关注用户,attentionId:2070002892391436289,beAttentionId:123456789
18:51:53.225 [http-nio-9990-exec-1] INFO  BUSINESS - 用户请求注销,用户id：2070002892391436289
18:51:53.380 [http-nio-9990-exec-1] INFO  BUSINESS - 用户注销验证成功
18:51:53.383 [http-nio-9990-exec-1] INFO  BUSINESS - 用户角色已删除
18:51:53.504 [http-nio-9992-exec-4] INFO  BUSINESS - 删除用户信息,id:2070002892391436289
18:51:53.529 [http-nio-9990-exec-1] INFO  BUSINESS - 用户信息已删除
18:51:53.534 [http-nio-9992-exec-5] INFO  BUSINESS - 删除用户所有关注信息,attentionId:2070002892391436289
18:52:36.866 [main] INFO  BUSINESS - user服务启动
18:52:42.120 [main] INFO  BUSINESS - gate服务启动
18:52:44.848 [main] INFO  BUSINESS - auth服务启动
18:52:56.579 [main] INFO  BUSINESS - auth服务启动
18:53:23.396 [http-nio-9990-exec-1] INFO  BUSINESS - 进入登录过滤器
18:53:23.763 [http-nio-9990-exec-1] INFO  BUSINESS - 用户请求注销,用户id：2070002892391436289
18:53:23.913 [http-nio-9990-exec-1] INFO  BUSINESS - 用户注销验证成功
18:53:23.919 [http-nio-9990-exec-1] INFO  BUSINESS - 用户角色已删除
18:53:24.073 [http-nio-9992-exec-1] INFO  BUSINESS - 进入用户登录过滤器
18:53:24.373 [http-nio-9992-exec-1] INFO  BUSINESS - 删除用户信息,id:2070002892391436289
19:08:51.536 [main] INFO  BUSINESS - auth服务启动
19:09:53.353 [http-nio-9990-exec-1] INFO  BUSINESS - 进入登录过滤器
19:09:53.676 [http-nio-9990-exec-1] INFO  BUSINESS - 用户请求注销,用户id：2070002892391436289
19:09:53.820 [http-nio-9990-exec-1] INFO  BUSINESS - 用户注销验证成功
19:09:53.823 [http-nio-9990-exec-1] INFO  BUSINESS - 用户角色已删除
19:09:53.932 [http-nio-9992-exec-3] INFO  BUSINESS - 进入用户登录过滤器
19:09:53.935 [http-nio-9992-exec-3] INFO  BUSINESS - 删除用户信息,id:2070002892391436289
19:09:53.945 [http-nio-9990-exec-1] INFO  BUSINESS - 用户信息已删除
19:09:53.947 [http-nio-9992-exec-7] INFO  BUSINESS - 进入用户登录过滤器
19:09:53.953 [http-nio-9992-exec-7] INFO  BUSINESS - 删除用户所有关注信息,attentionId:2070002892391436289
19:11:45.480 [http-nio-9990-exec-3] INFO  BUSINESS - 进入登录过滤器
19:11:45.482 [http-nio-9990-exec-3] INFO  BUSINESS - 用户请求注销,用户id：2070002892391436289
19:11:45.544 [http-nio-9990-exec-3] INFO  BUSINESS - 用户注销验证成功
19:11:45.548 [http-nio-9990-exec-3] INFO  BUSINESS - 用户角色已删除
19:11:45.552 [http-nio-9992-exec-6] INFO  BUSINESS - 进入用户登录过滤器
19:11:45.553 [http-nio-9992-exec-6] INFO  BUSINESS - 删除用户信息,id:2070002892391436289
19:11:45.556 [http-nio-9990-exec-3] INFO  BUSINESS - 用户信息已删除
19:11:45.557 [http-nio-9992-exec-4] INFO  BUSINESS - 进入用户登录过滤器
19:11:45.559 [http-nio-9992-exec-4] INFO  BUSINESS - 删除用户所有关注信息,attentionId:2070002892391436289
19:13:09.160 [main] INFO  BUSINESS - auth服务启动
19:13:19.093 [http-nio-9990-exec-1] INFO  BUSINESS - 进入登录过滤器
19:13:19.426 [http-nio-9990-exec-1] INFO  BUSINESS - 用户请求注销,用户id：2070002892391436289
19:13:19.578 [http-nio-9990-exec-1] INFO  BUSINESS - 用户注销验证成功
19:13:19.581 [http-nio-9990-exec-1] INFO  BUSINESS - 用户角色已删除
19:13:19.673 [http-nio-9992-exec-9] INFO  BUSINESS - 进入用户登录过滤器
19:13:19.675 [http-nio-9992-exec-9] INFO  BUSINESS - 删除用户信息,id:2070002892391436289
19:13:19.683 [http-nio-9990-exec-1] INFO  BUSINESS - 用户信息已删除
19:13:19.685 [http-nio-9992-exec-10] INFO  BUSINESS - 进入用户登录过滤器
19:13:19.686 [http-nio-9992-exec-10] INFO  BUSINESS - 删除用户所有关注信息,attentionId:2070002892391436289
19:14:04.090 [http-nio-9990-exec-2] INFO  BUSINESS - 进入登录过滤器
19:14:04.092 [http-nio-9990-exec-2] INFO  BUSINESS - 用户请求注销,用户id：2070002892391436289
19:14:04.158 [http-nio-9990-exec-2] INFO  BUSINESS - 用户注销验证成功
19:14:04.162 [http-nio-9990-exec-2] INFO  BUSINESS - 用户角色已删除
19:14:04.164 [http-nio-9992-exec-1] INFO  BUSINESS - 进入用户登录过滤器
19:14:04.165 [http-nio-9992-exec-1] INFO  BUSINESS - 删除用户信息,id:2070002892391436289
19:14:04.170 [http-nio-9990-exec-2] INFO  BUSINESS - 用户信息已删除
19:14:04.171 [http-nio-9992-exec-2] INFO  BUSINESS - 进入用户登录过滤器
19:14:04.173 [http-nio-9992-exec-2] INFO  BUSINESS - 删除用户所有关注信息,attentionId:2070002892391436289
19:19:14.841 [http-nio-9990-exec-9] INFO  BUSINESS - 进入登录过滤器
19:19:14.843 [http-nio-9990-exec-9] INFO  BUSINESS - 用户请求注销,用户id：2070002892391436289
19:19:14.905 [http-nio-9990-exec-9] INFO  BUSINESS - 用户注销验证成功
19:19:14.907 [http-nio-9990-exec-9] INFO  BUSINESS - 用户角色已删除
19:19:14.911 [http-nio-9992-exec-7] INFO  BUSINESS - 进入用户登录过滤器
19:19:14.912 [http-nio-9992-exec-7] INFO  BUSINESS - 删除用户信息,id:2070002892391436289
19:19:14.915 [http-nio-9990-exec-9] INFO  BUSINESS - 用户信息已删除
19:19:14.917 [http-nio-9992-exec-5] INFO  BUSINESS - 进入用户登录过滤器
19:19:14.918 [http-nio-9992-exec-5] INFO  BUSINESS - 删除用户所有关注信息,attentionId:2070002892391436289
19:24:47.904 [http-nio-9990-exec-6] INFO  BUSINESS - 进入登录过滤器
19:24:47.906 [http-nio-9990-exec-6] INFO  BUSINESS - 用户请求注销,用户id：2070002892391436289
19:24:53.728 [http-nio-9990-exec-7] INFO  BUSINESS - 进入登录过滤器
19:24:53.730 [http-nio-9990-exec-7] INFO  BUSINESS - 用户请求注销,用户id：2070002892391436289
19:24:53.792 [http-nio-9990-exec-7] INFO  BUSINESS - 用户注销验证成功
19:24:53.796 [http-nio-9990-exec-7] INFO  BUSINESS - 用户角色已删除
19:24:53.798 [http-nio-9992-exec-4] INFO  BUSINESS - 进入用户登录过滤器
19:24:53.800 [http-nio-9992-exec-4] INFO  BUSINESS - 删除用户信息,id:2070002892391436289
19:24:53.806 [http-nio-9990-exec-7] INFO  BUSINESS - 用户信息已删除
19:24:53.807 [http-nio-9992-exec-8] INFO  BUSINESS - 进入用户登录过滤器
19:24:53.808 [http-nio-9992-exec-8] INFO  BUSINESS - 删除用户所有关注信息,attentionId:2070002892391436289
19:27:09.805 [main] INFO  BUSINESS - auth服务启动
19:27:14.298 [main] INFO  BUSINESS - user服务启动
19:28:06.047 [main] INFO  BUSINESS - auth服务启动
19:28:17.462 [http-nio-9990-exec-1] INFO  BUSINESS - 进入登录过滤器
19:28:17.783 [http-nio-9990-exec-1] INFO  BUSINESS - 用户请求注销,用户id：2070002892391436289
19:28:17.918 [http-nio-9990-exec-1] INFO  BUSINESS - 用户注销验证成功
19:28:17.925 [http-nio-9990-exec-1] INFO  BUSINESS - 用户角色已删除
19:28:18.099 [http-nio-9992-exec-3] INFO  BUSINESS - 进入用户登录过滤器
19:28:18.408 [http-nio-9992-exec-3] INFO  BUSINESS - 删除用户信息,id:2070002892391436289
19:28:18.456 [http-nio-9990-exec-1] INFO  BUSINESS - 用户信息已删除
19:28:18.459 [http-nio-9992-exec-1] INFO  BUSINESS - 进入用户登录过滤器
19:28:18.463 [http-nio-9992-exec-1] INFO  BUSINESS - 删除用户所有关注信息,attentionId:2070002892391436289
19:29:17.751 [main] INFO  BUSINESS - user服务启动
19:29:23.256 [http-nio-9990-exec-3] INFO  BUSINESS - 进入登录过滤器
19:29:23.258 [http-nio-9990-exec-3] INFO  BUSINESS - 用户请求注销,用户id：2070002892391436289
19:29:23.320 [http-nio-9990-exec-3] INFO  BUSINESS - 用户注销验证成功
19:29:23.321 [http-nio-9990-exec-3] INFO  BUSINESS - 用户角色已删除
19:29:23.418 [http-nio-9992-exec-1] INFO  BUSINESS - 进入用户登录过滤器
19:29:23.737 [http-nio-9992-exec-1] INFO  BUSINESS - 删除用户信息,id:2070002892391436289
19:29:23.783 [http-nio-9990-exec-3] INFO  BUSINESS - 用户信息已删除
19:29:23.785 [http-nio-9992-exec-2] INFO  BUSINESS - 进入用户登录过滤器
19:29:23.790 [http-nio-9992-exec-2] INFO  BUSINESS - 删除用户所有关注信息,attentionId:2070002892391436289
19:39:15.572 [main] INFO  BUSINESS - auth服务启动
19:39:18.658 [main] INFO  BUSINESS - user服务启动
19:39:34.939 [http-nio-9990-exec-1] INFO  BUSINESS - 进入登录过滤器
19:39:35.281 [http-nio-9990-exec-1] INFO  BUSINESS - 用户请求注销,用户id：2070002892391436289
19:39:35.421 [http-nio-9990-exec-1] INFO  BUSINESS - 用户注销验证成功
19:39:35.426 [http-nio-9990-exec-1] INFO  BUSINESS - 用户角色已删除
19:39:35.577 [http-nio-9992-exec-1] INFO  BUSINESS - 进入用户登录过滤器
19:39:35.864 [http-nio-9992-exec-1] INFO  BUSINESS - 删除用户信息,id:2070002892391436289
19:39:35.907 [http-nio-9990-exec-1] INFO  BUSINESS - 用户信息已删除
19:39:35.910 [http-nio-9992-exec-2] INFO  BUSINESS - 进入用户登录过滤器
19:39:35.917 [http-nio-9992-exec-2] INFO  BUSINESS - 删除用户所有关注信息,attentionId:2070002892391436289
19:50:06.137 [main] INFO  BUSINESS - user服务启动
19:50:11.333 [http-nio-9990-exec-3] INFO  BUSINESS - 进入登录过滤器
19:50:11.337 [http-nio-9990-exec-3] INFO  BUSINESS - 用户请求注销,用户id：2070002892391436289
19:50:11.400 [http-nio-9990-exec-3] INFO  BUSINESS - 用户注销验证成功
19:50:11.405 [http-nio-9990-exec-3] INFO  BUSINESS - 用户角色已删除
19:50:11.462 [http-nio-9992-exec-1] INFO  BUSINESS - 进入用户登录过滤器
19:50:11.800 [http-nio-9992-exec-1] INFO  BUSINESS - 删除用户信息,id:2070002892391436289
19:50:11.841 [http-nio-9990-exec-3] INFO  BUSINESS - 用户信息已删除
19:50:11.843 [http-nio-9992-exec-2] INFO  BUSINESS - 进入用户登录过滤器
19:50:11.848 [http-nio-9992-exec-2] INFO  BUSINESS - 删除用户所有关注信息,attentionId:2070002892391436289
19:50:11.901 [http-nio-9990-exec-3] INFO  BUSINESS - 用户关注信息已删除
19:50:11.909 [http-nio-9990-exec-3] INFO  BUSINESS - 用户已删除
